# JRE version: OpenJDK Runtime Environment (11.0.10) (build 11.0.10+0-b96-7249189)
# Java VM: OpenJDK 64-Bit Server VM (11.0.10+0-b96-7249189, mixed mode, tiered, compressed oops, g1 gc, windows-amd64)
Heap:
 garbage-first heap   total 393216K, used 58330K [0x00000006c1600000, 0x0000000800000000)
  region size 1024K, 25 young (25600K), 11 survivors (11264K)
 Metaspace       used 63154K, capacity 63828K, committed 64028K, reserved 1105920K
  class space    used 7265K, capacity 7507K, committed 7552K, reserved 1048576K
GC Heap History (16 events):
Event: 0.950 GC heap before
{Heap before GC invocations=0 (full 0):
 garbage-first heap   total 327680K, used 26624K [0x00000006c1600000, 0x0000000800000000)
  region size 1024K, 24 young (24576K), 0 survivors (0K)
 Metaspace       used 12530K, capacity 12624K, committed 12800K, reserved 1060864K
  class space    used 1208K, capacity 1249K, committed 1280K, reserved 1048576K
}
Event: 0.953 GC heap after
{Heap after GC invocations=1 (full 0):
 garbage-first heap   total 327680K, used 6288K [0x00000006c1600000, 0x0000000800000000)
  region size 1024K, 3 young (3072K), 3 survivors (3072K)
 Metaspace       used 12530K, capacity 12624K, committed 12800K, reserved 1060864K
  class space    used 1208K, capacity 1249K, committed 1280K, reserved 1048576K
}
Event: 1.520 GC heap before
{Heap before GC invocations=1 (full 0):
 garbage-first heap   total 327680K, used 38032K [0x00000006c1600000, 0x0000000800000000)
  region size 1024K, 35 young (35840K), 3 survivors (3072K)
 Metaspace       used 20922K, capacity 21172K, committed 21296K, reserved 1069056K
  class space    used 2253K, capacity 2357K, committed 2432K, reserved 1048576K
}
Event: 1.531 GC heap after
{Heap after GC invocations=2 (full 0):
 garbage-first heap   total 327680K, used 9412K [0x00000006c1600000, 0x0000000800000000)
  region size 1024K, 7 young (7168K), 7 survivors (7168K)
 Metaspace       used 20922K, capacity 21172K, committed 21296K, reserved 1069056K
  class space    used 2253K, capacity 2357K, committed 2432K, reserved 1048576K
}
Event: 2.283 GC heap before
{Heap before GC invocations=3 (full 0):
 garbage-first heap   total 327680K, used 63684K [0x00000006c1600000, 0x0000000800000000)
  region size 1024K, 54 young (55296K), 7 survivors (7168K)
 Metaspace       used 30762K, capacity 31132K, committed 31280K, reserved 1077248K
  class space    used 3488K, capacity 3633K, committed 3712K, reserved 1048576K
}
Event: 2.295 GC heap after
{Heap after GC invocations=4 (full 0):
 garbage-first heap   total 327680K, used 17531K [0x00000006c1600000, 0x0000000800000000)
  region size 1024K, 7 young (7168K), 7 survivors (7168K)
 Metaspace       used 30762K, capacity 31132K, committed 31280K, reserved 1077248K
  class space    used 3488K, capacity 3633K, committed 3712K, reserved 1048576K
}
Event: 2.445 GC heap before
{Heap before GC invocations=4 (full 0):
 garbage-first heap   total 327680K, used 28795K [0x00000006c1600000, 0x0000000800000000)
  region size 1024K, 18 young (18432K), 7 survivors (7168K)
 Metaspace       used 33091K, capacity 33538K, committed 33712K, reserved 1079296K
  class space    used 3819K, capacity 3986K, committed 4096K, reserved 1048576K
}
Event: 2.452 GC heap after
{Heap after GC invocations=5 (full 0):
 garbage-first heap   total 327680K, used 19640K [0x00000006c1600000, 0x0000000800000000)
  region size 1024K, 2 young (2048K), 2 survivors (2048K)
 Metaspace       used 33091K, capacity 33538K, committed 33712K, reserved 1079296K
  class space    used 3819K, capacity 3986K, committed 4096K, reserved 1048576K
}
Event: 2.614 GC heap before
{Heap before GC invocations=5 (full 0):
 garbage-first heap   total 327680K, used 30904K [0x00000006c1600000, 0x0000000800000000)
  region size 1024K, 14 young (14336K), 2 survivors (2048K)
 Metaspace       used 35401K, capacity 35784K, committed 35888K, reserved 1081344K
  class space    used 4275K, capacity 4436K, committed 4480K, reserved 1048576K
}
Event: 2.616 GC heap after
{Heap after GC invocations=6 (full 0):
 garbage-first heap   total 327680K, used 19752K [0x00000006c1600000, 0x0000000800000000)
  region size 1024K, 2 young (2048K), 2 survivors (2048K)
 Metaspace       used 35401K, capacity 35784K, committed 35888K, reserved 1081344K
  class space    used 4275K, capacity 4436K, committed 4480K, reserved 1048576K
}
Event: 4.726 GC heap before
{Heap before GC invocations=7 (full 0):
 garbage-first heap   total 327680K, used 122152K [0x00000006c1600000, 0x0000000800000000)
  region size 1024K, 102 young (104448K), 2 survivors (2048K)
 Metaspace       used 46710K, capacity 47173K, committed 47280K, reserved 1091584K
  class space    used 5416K, capacity 5612K, committed 5632K, reserved 1048576K
}
Event: 4.740 GC heap after
{Heap after GC invocations=8 (full 0):
 garbage-first heap   total 327680K, used 34160K [0x00000006c1600000, 0x0000000800000000)
  region size 1024K, 13 young (13312K), 13 survivors (13312K)
 Metaspace       used 46710K, capacity 47173K, committed 47280K, reserved 1091584K
  class space    used 5416K, capacity 5612K, committed 5632K, reserved 1048576K
}
Event: 9.161 GC heap before
{Heap before GC invocations=8 (full 0):
 garbage-first heap   total 327680K, used 140656K [0x00000006c1600000, 0x0000000800000000)
  region size 1024K, 117 young (119808K), 13 survivors (13312K)
 Metaspace       used 57835K, capacity 58499K, committed 58800K, reserved 1101824K
  class space    used 6604K, capacity 6859K, committed 6912K, reserved 1048576K
}
Event: 9.207 GC heap after
{Heap after GC invocations=9 (full 0):
 garbage-first heap   total 393216K, used 44369K [0x00000006c1600000, 0x0000000800000000)
  region size 1024K, 10 young (10240K), 10 survivors (10240K)
 Metaspace       used 57835K, capacity 58499K, committed 58800K, reserved 1101824K
  class space    used 6604K, capacity 6859K, committed 6912K, reserved 1048576K
}
Event: 9.406 GC heap before
{Heap before GC invocations=9 (full 0):
 garbage-first heap   total 393216K, used 49489K [0x00000006c1600000, 0x0000000800000000)
  region size 1024K, 17 young (17408K), 10 survivors (10240K)
 Metaspace       used 59377K, capacity 60021K, committed 60208K, reserved 1101824K
  class space    used 6801K, capacity 7025K, committed 7040K, reserved 1048576K
}
Event: 9.423 GC heap after
{Heap after GC invocations=10 (full 0):
 garbage-first heap   total 393216K, used 45018K [0x00000006c1600000, 0x0000000800000000)
  region size 1024K, 11 young (11264K), 11 survivors (11264K)
 Metaspace       used 59377K, capacity 60021K, committed 60208K, reserved 1101824K
  class space    used 6801K, capacity 7025K, committed 7040K, reserved 1048576K
}

