# JRE version: OpenJDK Runtime Environment (11.0.10) (build 11.0.10+0-b96-7249189)
# Java VM: OpenJDK 64-Bit Server VM (11.0.10+0-b96-7249189, mixed mode, tiered, compressed oops, g1 gc, windows-amd64)
Heap:
 garbage-first heap   total 393216K, used 19761K [0x00000006c1600000, 0x0000000800000000)
  region size 1024K, 2 young (2048K), 2 survivors (2048K)
 Metaspace       used 35420K, capacity 35803K, committed 35888K, reserved 1081344K
  class space    used 4268K, capacity 4436K, committed 4480K, reserved 1048576K
GC Heap History (9 events):
Event: 0.475 GC heap before
{Heap before GC invocations=0 (full 0):
 garbage-first heap   total 327680K, used 26624K [0x00000006c1600000, 0x0000000800000000)
  region size 1024K, 24 young (24576K), 0 survivors (0K)
 Metaspace       used 12513K, capacity 12624K, committed 12800K, reserved 1060864K
  class space    used 1208K, capacity 1249K, committed 1280K, reserved 1048576K
}
Event: 0.478 GC heap after
{Heap after GC invocations=1 (full 0):
 garbage-first heap   total 327680K, used 6214K [0x00000006c1600000, 0x0000000800000000)
  region size 1024K, 3 young (3072K), 3 survivors (3072K)
 Metaspace       used 12513K, capacity 12624K, committed 12800K, reserved 1060864K
  class space    used 1208K, capacity 1249K, committed 1280K, reserved 1048576K
}
Event: 0.945 GC heap before
{Heap before GC invocations=1 (full 0):
 garbage-first heap   total 327680K, used 37958K [0x00000006c1600000, 0x0000000800000000)
  region size 1024K, 35 young (35840K), 3 survivors (3072K)
 Metaspace       used 20913K, capacity 21172K, committed 21296K, reserved 1069056K
  class space    used 2252K, capacity 2357K, committed 2432K, reserved 1048576K
}
Event: 0.955 GC heap after
{Heap after GC invocations=2 (full 0):
 garbage-first heap   total 327680K, used 9509K [0x00000006c1600000, 0x0000000800000000)
  region size 1024K, 7 young (7168K), 7 survivors (7168K)
 Metaspace       used 20913K, capacity 21172K, committed 21296K, reserved 1069056K
  class space    used 2252K, capacity 2357K, committed 2432K, reserved 1048576K
}
Event: 1.665 GC heap before
{Heap before GC invocations=3 (full 0):
 garbage-first heap   total 327680K, used 64805K [0x00000006c1600000, 0x0000000800000000)
  region size 1024K, 55 young (56320K), 7 survivors (7168K)
 Metaspace       used 31089K, capacity 31535K, committed 31792K, reserved 1077248K
  class space    used 3531K, capacity 3697K, committed 3712K, reserved 1048576K
}
Event: 1.675 GC heap after
{Heap after GC invocations=4 (full 0):
 garbage-first heap   total 327680K, used 17713K [0x00000006c1600000, 0x0000000800000000)
  region size 1024K, 7 young (7168K), 7 survivors (7168K)
 Metaspace       used 31089K, capacity 31535K, committed 31792K, reserved 1077248K
  class space    used 3531K, capacity 3697K, committed 3712K, reserved 1048576K
}
Event: 1.899 GC heap before
{Heap before GC invocations=4 (full 0):
 garbage-first heap   total 327680K, used 38193K [0x00000006c1600000, 0x0000000800000000)
  region size 1024K, 27 young (27648K), 7 survivors (7168K)
 Metaspace       used 35297K, capacity 35707K, committed 35888K, reserved 1081344K
  class space    used 4260K, capacity 4404K, committed 4480K, reserved 1048576K
}
Event: 1.907 GC heap after
{Heap after GC invocations=5 (full 0):
 garbage-first heap   total 327680K, used 20856K [0x00000006c1600000, 0x0000000800000000)
  region size 1024K, 3 young (3072K), 3 survivors (3072K)
 Metaspace       used 35297K, capacity 35707K, committed 35888K, reserved 1081344K
  class space    used 4260K, capacity 4404K, committed 4480K, reserved 1048576K
}
Event: 1.920 GC heap before
{Heap before GC invocations=5 (full 0):
 garbage-first heap   total 327680K, used 20856K [0x00000006c1600000, 0x0000000800000000)
  region size 1024K, 4 young (4096K), 3 survivors (3072K)
 Metaspace       used 35420K, capacity 35803K, committed 35888K, reserved 1081344K
  class space    used 4268K, capacity 4436K, committed 4480K, reserved 1048576K
}

