# JRE version: OpenJDK Runtime Environment (11.0.10) (build 11.0.10+0-b96-7249189)
# Java VM: OpenJDK 64-Bit Server VM (11.0.10+0-b96-7249189, mixed mode, tiered, compressed oops, g1 gc, windows-amd64)
Heap:
 garbage-first heap   total 444416K, used 277103K [0x00000000a0000000, 0x0000000100000000)
  region size 1024K, 86 young (88064K), 8 survivors (8192K)
 Metaspace       used 100976K, capacity 103523K, committed 104488K, reserved 1140736K
  class space    used 12433K, capacity 13309K, committed 13696K, reserved 1048576K
GC Heap History (20 events):
Event: 45.866 GC heap before
{Heap before GC invocations=50 (full 0):
 garbage-first heap   total 425984K, used 364356K [0x00000000a0000000, 0x0000000100000000)
  region size 1024K, 194 young (198656K), 17 survivors (17408K)
 Metaspace       used 96298K, capacity 99168K, committed 99368K, reserved 1134592K
  class space    used 12324K, capacity 13347K, committed 13440K, reserved 1048576K
}
Event: 45.890 GC heap after
{Heap after GC invocations=51 (full 0):
 garbage-first heap   total 425984K, used 184098K [0x00000000a0000000, 0x0000000100000000)
  region size 1024K, 13 young (13312K), 13 survivors (13312K)
 Metaspace       used 96298K, capacity 99168K, committed 99368K, reserved 1134592K
  class space    used 12324K, capacity 13347K, committed 13440K, reserved 1048576K
}
Event: 46.757 GC heap before
{Heap before GC invocations=51 (full 0):
 garbage-first heap   total 425984K, used 369442K [0x00000000a0000000, 0x0000000100000000)
  region size 1024K, 193 young (197632K), 13 survivors (13312K)
 Metaspace       used 96315K, capacity 99170K, committed 99368K, reserved 1134592K
  class space    used 12324K, capacity 13347K, committed 13440K, reserved 1048576K
}
Event: 46.777 GC heap after
{Heap after GC invocations=52 (full 0):
 garbage-first heap   total 425984K, used 182632K [0x00000000a0000000, 0x0000000100000000)
  region size 1024K, 12 young (12288K), 12 survivors (12288K)
 Metaspace       used 96315K, capacity 99170K, committed 99368K, reserved 1134592K
  class space    used 12324K, capacity 13347K, committed 13440K, reserved 1048576K
}
Event: 48.367 GC heap before
{Heap before GC invocations=52 (full 0):
 garbage-first heap   total 425984K, used 370024K [0x00000000a0000000, 0x0000000100000000)
  region size 1024K, 194 young (198656K), 12 survivors (12288K)
 Metaspace       used 96322K, capacity 99172K, committed 99368K, reserved 1134592K
  class space    used 12324K, capacity 13347K, committed 13440K, reserved 1048576K
}
Event: 48.389 GC heap after
{Heap after GC invocations=53 (full 0):
 garbage-first heap   total 425984K, used 183166K [0x00000000a0000000, 0x0000000100000000)
  region size 1024K, 12 young (12288K), 12 survivors (12288K)
 Metaspace       used 96322K, capacity 99172K, committed 99368K, reserved 1134592K
  class space    used 12324K, capacity 13347K, committed 13440K, reserved 1048576K
}
Event: 50.575 GC heap before
{Heap before GC invocations=53 (full 0):
 garbage-first heap   total 425984K, used 386942K [0x00000000a0000000, 0x0000000100000000)
  region size 1024K, 194 young (198656K), 12 survivors (12288K)
 Metaspace       used 97021K, capacity 99847K, committed 99880K, reserved 1136640K
  class space    used 12397K, capacity 13422K, committed 13440K, reserved 1048576K
}
Event: 50.660 GC heap after
{Heap after GC invocations=54 (full 0):
 garbage-first heap   total 444416K, used 234667K [0x00000000a0000000, 0x0000000100000000)
  region size 1024K, 25 young (25600K), 25 survivors (25600K)
 Metaspace       used 97021K, capacity 99847K, committed 99880K, reserved 1136640K
  class space    used 12397K, capacity 13422K, committed 13440K, reserved 1048576K
}
Event: 51.041 GC heap before
{Heap before GC invocations=54 (full 0):
 garbage-first heap   total 444416K, used 267435K [0x00000000a0000000, 0x0000000100000000)
  region size 1024K, 58 young (59392K), 25 survivors (25600K)
 Metaspace       used 97064K, capacity 99919K, committed 100136K, reserved 1136640K
  class space    used 12398K, capacity 13422K, committed 13440K, reserved 1048576K
}
Event: 51.178 GC heap after
{Heap after GC invocations=55 (full 0):
 garbage-first heap   total 444416K, used 240334K [0x00000000a0000000, 0x0000000100000000)
  region size 1024K, 9 young (9216K), 9 survivors (9216K)
 Metaspace       used 97064K, capacity 99919K, committed 100136K, reserved 1136640K
  class space    used 12398K, capacity 13422K, committed 13440K, reserved 1048576K
}
Event: 52.602 GC heap before
{Heap before GC invocations=56 (full 0):
 garbage-first heap   total 444416K, used 318158K [0x00000000a0000000, 0x0000000100000000)
  region size 1024K, 86 young (88064K), 9 survivors (9216K)
 Metaspace       used 96332K, capacity 98714K, committed 100136K, reserved 1136640K
  class space    used 12165K, capacity 13006K, committed 13440K, reserved 1048576K
}
Event: 52.643 GC heap after
{Heap after GC invocations=57 (full 0):
 garbage-first heap   total 444416K, used 253824K [0x00000000a0000000, 0x0000000100000000)
  region size 1024K, 11 young (11264K), 11 survivors (11264K)
 Metaspace       used 96332K, capacity 98714K, committed 100136K, reserved 1136640K
  class space    used 12165K, capacity 13006K, committed 13440K, reserved 1048576K
}
Event: 52.974 GC heap before
{Heap before GC invocations=57 (full 0):
 garbage-first heap   total 444416K, used 264064K [0x00000000a0000000, 0x0000000100000000)
  region size 1024K, 21 young (21504K), 11 survivors (11264K)
 Metaspace       used 96332K, capacity 98714K, committed 100136K, reserved 1136640K
  class space    used 12165K, capacity 13006K, committed 13440K, reserved 1048576K
}
Event: 52.995 GC heap after
{Heap after GC invocations=58 (full 0):
 garbage-first heap   total 444416K, used 210466K [0x00000000a0000000, 0x0000000100000000)
  region size 1024K, 1 young (1024K), 1 survivors (1024K)
 Metaspace       used 96332K, capacity 98714K, committed 100136K, reserved 1136640K
  class space    used 12165K, capacity 13006K, committed 13440K, reserved 1048576K
}
Event: 64.877 GC heap before
{Heap before GC invocations=58 (full 0):
 garbage-first heap   total 444416K, used 229922K [0x00000000a0000000, 0x0000000100000000)
  region size 1024K, 21 young (21504K), 1 survivors (1024K)
 Metaspace       used 99768K, capacity 102206K, committed 103464K, reserved 1138688K
  class space    used 12421K, capacity 13293K, committed 13696K, reserved 1048576K
}
Event: 64.890 GC heap after
{Heap after GC invocations=59 (full 0):
 garbage-first heap   total 444416K, used 192561K [0x00000000a0000000, 0x0000000100000000)
  region size 1024K, 2 young (2048K), 2 survivors (2048K)
 Metaspace       used 99768K, capacity 102206K, committed 103464K, reserved 1138688K
  class space    used 12421K, capacity 13293K, committed 13696K, reserved 1048576K
}
Event: 72.802 GC heap before
{Heap before GC invocations=59 (full 0):
 garbage-first heap   total 444416K, used 294961K [0x00000000a0000000, 0x0000000100000000)
  region size 1024K, 103 young (105472K), 2 survivors (2048K)
 Metaspace       used 100631K, capacity 103127K, committed 104232K, reserved 1140736K
  class space    used 12430K, capacity 13307K, committed 13696K, reserved 1048576K
}
Event: 72.817 GC heap after
{Heap after GC invocations=60 (full 0):
 garbage-first heap   total 444416K, used 198223K [0x00000000a0000000, 0x0000000100000000)
  region size 1024K, 7 young (7168K), 7 survivors (7168K)
 Metaspace       used 100631K, capacity 103127K, committed 104232K, reserved 1140736K
  class space    used 12430K, capacity 13307K, committed 13696K, reserved 1048576K
}
Event: 77.682 GC heap before
{Heap before GC invocations=60 (full 0):
 garbage-first heap   total 444416K, used 307791K [0x00000000a0000000, 0x0000000100000000)
  region size 1024K, 115 young (117760K), 7 survivors (7168K)
 Metaspace       used 100794K, capacity 103261K, committed 104232K, reserved 1140736K
  class space    used 12431K, capacity 13308K, committed 13696K, reserved 1048576K
}
Event: 77.697 GC heap after
{Heap after GC invocations=61 (full 0):
 garbage-first heap   total 444416K, used 199279K [0x00000000a0000000, 0x0000000100000000)
  region size 1024K, 8 young (8192K), 8 survivors (8192K)
 Metaspace       used 100794K, capacity 103261K, committed 104232K, reserved 1140736K
  class space    used 12431K, capacity 13308K, committed 13696K, reserved 1048576K
}

