# JRE version: OpenJDK Runtime Environment (11.0.10) (build 11.0.10+0-b96-7249189)
# Java VM: OpenJDK 64-Bit Server VM (11.0.10+0-b96-7249189, mixed mode, tiered, compressed oops, g1 gc, windows-amd64)
Heap:
 garbage-first heap   total 327680K, used 215641K [0x00000000a0000000, 0x0000000100000000)
  region size 1024K, 91 young (93184K), 5 survivors (5120K)
 Metaspace       used 114604K, capacity 117479K, committed 117928K, reserved 1153024K
  class space    used 13805K, capacity 14749K, committed 14956K, reserved 1048576K
GC Heap History (20 events):
Event: 113.206 GC heap before
{Heap before GC invocations=34 (full 0):
 garbage-first heap   total 327680K, used 176684K [0x00000000a0000000, 0x0000000100000000)
  region size 1024K, 16 young (16384K), 4 survivors (4096K)
 Metaspace       used 106412K, capacity 108947K, committed 109992K, reserved 1144832K
  class space    used 13003K, capacity 13847K, committed 14188K, reserved 1048576K
}
Event: 113.208 GC heap after
{Heap after GC invocations=35 (full 0):
 garbage-first heap   total 327680K, used 146804K [0x00000000a0000000, 0x0000000100000000)
  region size 1024K, 2 young (2048K), 2 survivors (2048K)
 Metaspace       used 106412K, capacity 108947K, committed 109992K, reserved 1144832K
  class space    used 13003K, capacity 13847K, committed 14188K, reserved 1048576K
}
Event: 113.709 GC heap before
{Heap before GC invocations=35 (full 0):
 garbage-first heap   total 327680K, used 255348K [0x00000000a0000000, 0x0000000100000000)
  region size 1024K, 108 young (110592K), 2 survivors (2048K)
 Metaspace       used 106469K, capacity 109017K, committed 109992K, reserved 1144832K
  class space    used 13005K, capacity 13848K, committed 14188K, reserved 1048576K
}
Event: 113.712 GC heap after
{Heap after GC invocations=36 (full 0):
 garbage-first heap   total 327680K, used 149071K [0x00000000a0000000, 0x0000000100000000)
  region size 1024K, 4 young (4096K), 4 survivors (4096K)
 Metaspace       used 106469K, capacity 109017K, committed 109992K, reserved 1144832K
  class space    used 13005K, capacity 13848K, committed 14188K, reserved 1048576K
}
Event: 114.743 GC heap before
{Heap before GC invocations=36 (full 0):
 garbage-first heap   total 327680K, used 260687K [0x00000000a0000000, 0x0000000100000000)
  region size 1024K, 114 young (116736K), 4 survivors (4096K)
 Metaspace       used 106867K, capacity 109454K, committed 110632K, reserved 1146880K
  class space    used 13039K, capacity 13884K, committed 14316K, reserved 1048576K
}
Event: 114.747 GC heap after
{Heap after GC invocations=37 (full 0):
 garbage-first heap   total 327680K, used 151899K [0x00000000a0000000, 0x0000000100000000)
  region size 1024K, 7 young (7168K), 7 survivors (7168K)
 Metaspace       used 106867K, capacity 109454K, committed 110632K, reserved 1146880K
  class space    used 13039K, capacity 13884K, committed 14316K, reserved 1048576K
}
Event: 117.791 GC heap before
{Heap before GC invocations=37 (full 0):
 garbage-first heap   total 327680K, used 238939K [0x00000000a0000000, 0x0000000100000000)
  region size 1024K, 93 young (95232K), 7 survivors (7168K)
 Metaspace       used 109596K, capacity 112341K, committed 113192K, reserved 1148928K
  class space    used 13310K, capacity 14221K, committed 14572K, reserved 1048576K
}
Event: 117.835 GC heap after
{Heap after GC invocations=38 (full 0):
 garbage-first heap   total 327680K, used 164951K [0x00000000a0000000, 0x0000000100000000)
  region size 1024K, 15 young (15360K), 15 survivors (15360K)
 Metaspace       used 109596K, capacity 112341K, committed 113192K, reserved 1148928K
  class space    used 13310K, capacity 14221K, committed 14572K, reserved 1048576K
}
Event: 121.860 GC heap before
{Heap before GC invocations=39 (full 0):
 garbage-first heap   total 327680K, used 273495K [0x00000000a0000000, 0x0000000100000000)
  region size 1024K, 113 young (115712K), 15 survivors (15360K)
 Metaspace       used 113018K, capacity 115870K, committed 116264K, reserved 1150976K
  class space    used 13658K, capacity 14607K, committed 14828K, reserved 1048576K
}
Event: 121.878 GC heap after
{Heap after GC invocations=40 (full 0):
 garbage-first heap   total 327680K, used 166414K [0x00000000a0000000, 0x0000000100000000)
  region size 1024K, 7 young (7168K), 7 survivors (7168K)
 Metaspace       used 113018K, capacity 115870K, committed 116264K, reserved 1150976K
  class space    used 13658K, capacity 14607K, committed 14828K, reserved 1048576K
}
Event: 124.376 GC heap before
{Heap before GC invocations=40 (full 0):
 garbage-first heap   total 327680K, used 175630K [0x00000000a0000000, 0x0000000100000000)
  region size 1024K, 16 young (16384K), 7 survivors (7168K)
 Metaspace       used 113498K, capacity 116369K, committed 116776K, reserved 1150976K
  class space    used 13712K, capacity 14644K, committed 14828K, reserved 1048576K
}
Event: 124.389 GC heap after
{Heap after GC invocations=41 (full 0):
 garbage-first heap   total 327680K, used 156878K [0x00000000a0000000, 0x0000000100000000)
  region size 1024K, 2 young (2048K), 2 survivors (2048K)
 Metaspace       used 113498K, capacity 116369K, committed 116776K, reserved 1150976K
  class space    used 13712K, capacity 14644K, committed 14828K, reserved 1048576K
}
Event: 125.051 GC heap before
{Heap before GC invocations=41 (full 0):
 garbage-first heap   total 327680K, used 219342K [0x00000000a0000000, 0x0000000100000000)
  region size 1024K, 65 young (66560K), 2 survivors (2048K)
 Metaspace       used 113917K, capacity 116823K, committed 117160K, reserved 1150976K
  class space    used 13760K, capacity 14710K, committed 14956K, reserved 1048576K
}
Event: 125.057 GC heap after
{Heap after GC invocations=42 (full 0):
 garbage-first heap   total 327680K, used 155532K [0x00000000a0000000, 0x0000000100000000)
  region size 1024K, 1 young (1024K), 1 survivors (1024K)
 Metaspace       used 113917K, capacity 116823K, committed 117160K, reserved 1150976K
  class space    used 13760K, capacity 14710K, committed 14956K, reserved 1048576K
}
Event: 138.882 GC heap before
{Heap before GC invocations=43 (full 0):
 garbage-first heap   total 327680K, used 242572K [0x00000000a0000000, 0x0000000100000000)
  region size 1024K, 107 young (109568K), 1 survivors (1024K)
 Metaspace       used 114358K, capacity 117303K, committed 117672K, reserved 1153024K
  class space    used 13794K, capacity 14741K, committed 14956K, reserved 1048576K
}
Event: 138.889 GC heap after
{Heap after GC invocations=44 (full 0):
 garbage-first heap   total 327680K, used 135502K [0x00000000a0000000, 0x0000000100000000)
  region size 1024K, 4 young (4096K), 4 survivors (4096K)
 Metaspace       used 114358K, capacity 117303K, committed 117672K, reserved 1153024K
  class space    used 13794K, capacity 14741K, committed 14956K, reserved 1048576K
}
Event: 139.034 GC heap before
{Heap before GC invocations=44 (full 0):
 garbage-first heap   total 327680K, used 146766K [0x00000000a0000000, 0x0000000100000000)
  region size 1024K, 16 young (16384K), 4 survivors (4096K)
 Metaspace       used 114383K, capacity 117303K, committed 117672K, reserved 1153024K
  class space    used 13794K, capacity 14741K, committed 14956K, reserved 1048576K
}
Event: 139.042 GC heap after
{Heap after GC invocations=45 (full 0):
 garbage-first heap   total 327680K, used 124193K [0x00000000a0000000, 0x0000000100000000)
  region size 1024K, 2 young (2048K), 2 survivors (2048K)
 Metaspace       used 114383K, capacity 117303K, committed 117672K, reserved 1153024K
  class space    used 13794K, capacity 14741K, committed 14956K, reserved 1048576K
}
Event: 141.050 GC heap before
{Heap before GC invocations=45 (full 0):
 garbage-first heap   total 327680K, used 223521K [0x00000000a0000000, 0x0000000100000000)
  region size 1024K, 101 young (103424K), 2 survivors (2048K)
 Metaspace       used 114576K, capacity 117479K, committed 117928K, reserved 1153024K
  class space    used 13801K, capacity 14749K, committed 14956K, reserved 1048576K
}
Event: 141.059 GC heap after
{Heap after GC invocations=46 (full 0):
 garbage-first heap   total 327680K, used 126553K [0x00000000a0000000, 0x0000000100000000)
  region size 1024K, 5 young (5120K), 5 survivors (5120K)
 Metaspace       used 114576K, capacity 117479K, committed 117928K, reserved 1153024K
  class space    used 13801K, capacity 14749K, committed 14956K, reserved 1048576K
}

