# JRE version: OpenJDK Runtime Environment (11.0.10) (build 11.0.10+0-b96-7249189)
# Java VM: OpenJDK 64-Bit Server VM (11.0.10+0-b96-7249189, mixed mode, tiered, compressed oops, g1 gc, windows-amd64)
Heap:
 garbage-first heap   total 327680K, used 100255K [0x00000000a0000000, 0x0000000100000000)
  region size 1024K, 39 young (39936K), 21 survivors (21504K)
 Metaspace       used 88031K, capacity 90319K, committed 90544K, reserved 1128448K
  class space    used 11109K, capacity 11921K, committed 12032K, reserved 1048576K
GC Heap History (16 events):
Event: 1.058 GC heap before
{Heap before GC invocations=0 (full 0):
 garbage-first heap   total 327680K, used 29696K [0x00000000a0000000, 0x0000000100000000)
  region size 1024K, 24 young (24576K), 0 survivors (0K)
 Metaspace       used 10430K, capacity 10633K, committed 10752K, reserved 1058816K
  class space    used 1096K, capacity 1163K, committed 1280K, reserved 1048576K
}
Event: 1.062 GC heap after
{Heap after GC invocations=1 (full 0):
 garbage-first heap   total 327680K, used 8354K [0x00000000a0000000, 0x0000000100000000)
  region size 1024K, 3 young (3072K), 3 survivors (3072K)
 Metaspace       used 10430K, capacity 10633K, committed 10752K, reserved 1058816K
  class space    used 1096K, capacity 1163K, committed 1280K, reserved 1048576K
}
Event: 5.005 GC heap before
{Heap before GC invocations=1 (full 0):
 garbage-first heap   total 327680K, used 92322K [0x00000000a0000000, 0x0000000100000000)
  region size 1024K, 87 young (89088K), 3 survivors (3072K)
 Metaspace       used 20805K, capacity 21219K, committed 21296K, reserved 1069056K
  class space    used 2506K, capacity 2670K, committed 2688K, reserved 1048576K
}
Event: 5.025 GC heap after
{Heap after GC invocations=2 (full 0):
 garbage-first heap   total 327680K, used 16279K [0x00000000a0000000, 0x0000000100000000)
  region size 1024K, 11 young (11264K), 11 survivors (11264K)
 Metaspace       used 20805K, capacity 21219K, committed 21296K, reserved 1069056K
  class space    used 2506K, capacity 2670K, committed 2688K, reserved 1048576K
}
Event: 8.648 GC heap before
{Heap before GC invocations=3 (full 0):
 garbage-first heap   total 327680K, used 87959K [0x00000000a0000000, 0x0000000100000000)
  region size 1024K, 72 young (73728K), 11 survivors (11264K)
 Metaspace       used 27954K, capacity 28702K, committed 28976K, reserved 1075200K
  class space    used 3612K, capacity 3869K, committed 3968K, reserved 1048576K
}
Event: 8.662 GC heap after
{Heap after GC invocations=4 (full 0):
 garbage-first heap   total 327680K, used 30993K [0x00000000a0000000, 0x0000000100000000)
  region size 1024K, 5 young (5120K), 5 survivors (5120K)
 Metaspace       used 27954K, capacity 28702K, committed 28976K, reserved 1075200K
  class space    used 3612K, capacity 3869K, committed 3968K, reserved 1048576K
}
Event: 9.843 GC heap before
{Heap before GC invocations=4 (full 0):
 garbage-first heap   total 327680K, used 64785K [0x00000000a0000000, 0x0000000100000000)
  region size 1024K, 37 young (37888K), 5 survivors (5120K)
 Metaspace       used 35014K, capacity 35814K, committed 35888K, reserved 1081344K
  class space    used 4398K, capacity 4684K, committed 4736K, reserved 1048576K
}
Event: 9.861 GC heap after
{Heap after GC invocations=5 (full 0):
 garbage-first heap   total 327680K, used 35619K [0x00000000a0000000, 0x0000000100000000)
  region size 1024K, 8 young (8192K), 8 survivors (8192K)
 Metaspace       used 35014K, capacity 35814K, committed 35888K, reserved 1081344K
  class space    used 4398K, capacity 4684K, committed 4736K, reserved 1048576K
}
Event: 15.711 GC heap before
{Heap before GC invocations=6 (full 0):
 garbage-first heap   total 327680K, used 128803K [0x00000000a0000000, 0x0000000100000000)
  region size 1024K, 99 young (101376K), 8 survivors (8192K)
 Metaspace       used 44079K, capacity 45143K, committed 45232K, reserved 1089536K
  class space    used 5454K, capacity 5816K, committed 5888K, reserved 1048576K
}
Event: 15.733 GC heap after
{Heap after GC invocations=7 (full 0):
 garbage-first heap   total 327680K, used 40099K [0x00000000a0000000, 0x0000000100000000)
  region size 1024K, 10 young (10240K), 10 survivors (10240K)
 Metaspace       used 44079K, capacity 45143K, committed 45232K, reserved 1089536K
  class space    used 5454K, capacity 5816K, committed 5888K, reserved 1048576K
}
Event: 21.885 GC heap before
{Heap before GC invocations=7 (full 0):
 garbage-first heap   total 327680K, used 199843K [0x00000000a0000000, 0x0000000100000000)
  region size 1024K, 160 young (163840K), 10 survivors (10240K)
 Metaspace       used 58626K, capacity 60115K, committed 60208K, reserved 1101824K
  class space    used 7309K, capacity 7771K, committed 7808K, reserved 1048576K
}
Event: 21.927 GC heap after
{Heap after GC invocations=8 (full 0):
 garbage-first heap   total 327680K, used 62562K [0x00000000a0000000, 0x0000000100000000)
  region size 1024K, 22 young (22528K), 22 survivors (22528K)
 Metaspace       used 58626K, capacity 60115K, committed 60208K, reserved 1101824K
  class space    used 7309K, capacity 7771K, committed 7808K, reserved 1048576K
}
Event: 24.951 GC heap before
{Heap before GC invocations=9 (full 0):
 garbage-first heap   total 327680K, used 237666K [0x00000000a0000000, 0x0000000100000000)
  region size 1024K, 192 young (196608K), 22 survivors (22528K)
 Metaspace       used 75726K, capacity 77592K, committed 77744K, reserved 1116160K
  class space    used 9666K, capacity 10230K, committed 10240K, reserved 1048576K
}
Event: 24.973 GC heap after
{Heap after GC invocations=10 (full 0):
 garbage-first heap   total 327680K, used 72437K [0x00000000a0000000, 0x0000000100000000)
  region size 1024K, 11 young (11264K), 11 survivors (11264K)
 Metaspace       used 75726K, capacity 77592K, committed 77744K, reserved 1116160K
  class space    used 9666K, capacity 10230K, committed 10240K, reserved 1048576K
}
Event: 27.121 GC heap before
{Heap before GC invocations=10 (full 0):
 garbage-first heap   total 327680K, used 241397K [0x00000000a0000000, 0x0000000100000000)
  region size 1024K, 176 young (180224K), 11 survivors (11264K)
 Metaspace       used 86372K, capacity 88655K, committed 89008K, reserved 1126400K
  class space    used 10881K, capacity 11665K, committed 11776K, reserved 1048576K
}
Event: 27.151 GC heap after
{Heap after GC invocations=11 (full 0):
 garbage-first heap   total 327680K, used 82847K [0x00000000a0000000, 0x0000000100000000)
  region size 1024K, 21 young (21504K), 21 survivors (21504K)
 Metaspace       used 86372K, capacity 88655K, committed 89008K, reserved 1126400K
  class space    used 10881K, capacity 11665K, committed 11776K, reserved 1048576K
}

